<?xml version="1.0" encoding="UTF-8"?>
<!-- Generated by org.testng.reporters.JUnitReportReporter -->
<testsuite skipped="1" hostname="caad-PC" name="com.api.test.HTTPReqGenTest" tests="2" failures="0" timestamp="09 八月 2017 02:38:23 GMT" time="0.000" errors="1">
  <testcase name="api_test" time="0.000" classname="com.api.test.HTTPReqGenTest">
    <skipped/>
  </testcase> <!-- api_test -->
  <testcase name="setup" time="0.000" classname="com.api.test.HTTPReqGenTest">
    <error type="org.testng.TestNGException" message="
Parameter &#039;workBook&#039; is required by BeforeTest on method setup but has not been marked @Optional or defined
in C:\Users\caad\AppData\Local\Temp\testng-eclipse--76115654\testng-customsuite.xml">
      <![CDATA[org.testng.TestNGException: 
Parameter 'workBook' is required by BeforeTest on method setup but has not been marked @Optional or defined
in C:\Users\caad\AppData\Local\Temp\testng-eclipse--76115654\testng-customsuite.xml
	at org.testng.internal.Parameters.createParameters(Parameters.java:199)
	at org.testng.internal.Parameters.createParameters(Parameters.java:443)
	at org.testng.internal.Parameters.createConfigurationParameters(Parameters.java:118)
	at org.testng.internal.Invoker.invokeConfigurations(Invoker.java:206)
	at org.testng.internal.Invoker.invokeConfigurations(Invoker.java:146)
	at org.testng.TestRunner.beforeRun(TestRunner.java:626)
	at org.testng.TestRunner.run(TestRunner.java:594)
	at org.testng.SuiteRunner.runTest(SuiteRunner.java:380)
	at org.testng.SuiteRunner.runSequentially(SuiteRunner.java:375)
	at org.testng.SuiteRunner.privateRun(SuiteRunner.java:340)
	at org.testng.SuiteRunner.run(SuiteRunner.java:289)
	at org.testng.SuiteRunnerWorker.runSuite(SuiteRunnerWorker.java:52)
	at org.testng.SuiteRunnerWorker.run(SuiteRunnerWorker.java:86)
	at org.testng.TestNG.runSuitesSequentially(TestNG.java:1301)
	at org.testng.TestNG.runSuitesLocally(TestNG.java:1226)
	at org.testng.TestNG.runSuites(TestNG.java:1144)
	at org.testng.TestNG.run(TestNG.java:1115)
	at org.testng.remote.AbstractRemoteTestNG.run(AbstractRemoteTestNG.java:132)
	at org.testng.remote.RemoteTestNG.initAndRun(RemoteTestNG.java:230)
	at org.testng.remote.RemoteTestNG.main(RemoteTestNG.java:76)
]]>
    </error>
  </testcase> <!-- setup -->
</testsuite> <!-- com.api.test.HTTPReqGenTest -->
